Z:\DEV-FIKOPAR\DUMPVAR\DUMPVAR\DEBUG\VC110.PDB
Z:\DEV-FIKOPAR\dumpvar\Debug\dumpvar.lib
Z:\DEV-FIKOPAR\dumpvar\Debug\dumpvar.exp
Z:\DEV-FIKOPAR\DUMPVAR\DEBUG\DUMPVAR.PDB
Z:\DEV-FIKOPAR\dumpvar\dumpvar\Debug\dumpvar.obj
Z:\DEV-FIKOPAR\dumpvar\dumpvar\Debug\cl.command.1.tlog
Z:\DEV-FIKOPAR\dumpvar\dumpvar\Debug\CL.read.1.tlog
Z:\DEV-FIKOPAR\dumpvar\dumpvar\Debug\CL.write.1.tlog
Z:\DEV-FIKOPAR\dumpvar\dumpvar\Debug\dumpvar.write.1.tlog
Z:\DEV-FIKOPAR\dumpvar\dumpvar\Debug\link-cvtres.read.1.tlog
Z:\DEV-FIKOPAR\dumpvar\dumpvar\Debug\link-cvtres.write.1.tlog
Z:\DEV-FIKOPAR\dumpvar\dumpvar\Debug\link-rc.read.1.tlog
Z:\DEV-FIKOPAR\dumpvar\dumpvar\Debug\link-rc.write.1.tlog
Z:\DEV-FIKOPAR\dumpvar\dumpvar\Debug\link.command.1.tlog
Z:\DEV-FIKOPAR\dumpvar\dumpvar\Debug\link.read.1.tlog
Z:\DEV-FIKOPAR\dumpvar\dumpvar\Debug\link.write.1.tlog
Z:\DEV-FIKOPAR\dumpvar\dumpvar\Debug\vc110.idb
Z:\DEV-FIKOPAR\dumpvar\dumpvar\Debug\vc110.pdb
Z:\DEV-FIKOPAR\dumpvar\Debug\dumpvar.pdb
Z:\DEV-FIKOPAR\dumpvar\Debug\dumpvar.dll
Z:\DEV-FIKOPAR\dumpvar\Debug\dumpvar.ilk
